mode: set
github.com/DevonFarm/sales/horse/gender.go:14.34,16.2 1 1
github.com/DevonFarm/sales/horse/gender.go:21.39,23.18 2 1
github.com/DevonFarm/sales/horse/gender.go:24.22,25.14 1 1
github.com/DevonFarm/sales/horse/gender.go:25.14,27.4 1 1
github.com/DevonFarm/sales/horse/gender.go:28.3,28.20 1 1
github.com/DevonFarm/sales/horse/gender.go:29.21,30.14 1 1
github.com/DevonFarm/sales/horse/gender.go:30.14,32.4 1 0
github.com/DevonFarm/sales/horse/gender.go:33.3,33.19 1 1
github.com/DevonFarm/sales/horse/gender.go:34.18,35.14 1 1
github.com/DevonFarm/sales/horse/gender.go:35.14,37.4 1 1
github.com/DevonFarm/sales/horse/gender.go:38.3,38.16 1 1
github.com/DevonFarm/sales/horse/gender.go:40.2,40.11 1 1
github.com/DevonFarm/sales/horse/horse.go:24.27,26.2 1 1
github.com/DevonFarm/sales/horse/horse.go:28.35,30.2 1 1
github.com/DevonFarm/sales/horse/horse.go:32.55,39.21 3 1
github.com/DevonFarm/sales/horse/horse.go:39.21,41.3 1 1
github.com/DevonFarm/sales/horse/horse.go:42.2,42.34 1 1
github.com/DevonFarm/sales/horse/horse.go:45.66,47.26 1 0
github.com/DevonFarm/sales/horse/horse.go:47.26,49.3 1 0
github.com/DevonFarm/sales/horse/horse.go:50.2,61.40 2 0
github.com/DevonFarm/sales/horse/horse.go:61.40,63.3 1 0
github.com/DevonFarm/sales/horse/horse.go:64.2,64.12 1 0
github.com/DevonFarm/sales/horse/horse.go:67.98,73.16 2 0
github.com/DevonFarm/sales/horse/horse.go:73.16,75.3 1 0
github.com/DevonFarm/sales/horse/horse.go:76.2,79.18 3 0
github.com/DevonFarm/sales/horse/horse.go:79.18,81.94 2 0
github.com/DevonFarm/sales/horse/horse.go:81.94,83.4 1 0
github.com/DevonFarm/sales/horse/horse.go:84.3,84.30 1 0
github.com/DevonFarm/sales/horse/horse.go:86.2,86.35 1 0
github.com/DevonFarm/sales/horse/horse.go:86.35,88.3 1 0
github.com/DevonFarm/sales/horse/horse.go:89.2,89.20 1 0
github.com/DevonFarm/sales/horse/horse.go:99.105,104.53 3 0
github.com/DevonFarm/sales/horse/horse.go:104.53,106.3 1 0
github.com/DevonFarm/sales/horse/horse.go:109.2,110.16 2 0
github.com/DevonFarm/sales/horse/horse.go:110.16,112.3 1 0
github.com/DevonFarm/sales/horse/horse.go:113.2,115.18 2 0
github.com/DevonFarm/sales/horse/horse.go:115.18,118.52 3 0
github.com/DevonFarm/sales/horse/horse.go:118.52,120.4 1 0
github.com/DevonFarm/sales/horse/horse.go:121.3,121.17 1 0
github.com/DevonFarm/sales/horse/horse.go:122.23,123.27 1 0
github.com/DevonFarm/sales/horse/horse.go:124.19,125.23 1 0
github.com/DevonFarm/sales/horse/horse.go:126.22,127.26 1 0
github.com/DevonFarm/sales/horse/horse.go:131.2,131.19 1 0
github.com/DevonFarm/sales/horse/routes.go:13.77,22.44 8 0
github.com/DevonFarm/sales/horse/routes.go:22.44,27.3 1 0
github.com/DevonFarm/sales/horse/routes.go:30.59,31.34 1 0
github.com/DevonFarm/sales/horse/routes.go:31.34,33.19 2 0
github.com/DevonFarm/sales/horse/routes.go:33.19,35.4 1 0
github.com/DevonFarm/sales/horse/routes.go:38.3,39.17 2 0
github.com/DevonFarm/sales/horse/routes.go:39.17,41.4 1 0
github.com/DevonFarm/sales/horse/routes.go:43.3,44.17 2 0
github.com/DevonFarm/sales/horse/routes.go:44.17,46.4 1 0
github.com/DevonFarm/sales/horse/routes.go:49.3,50.17 2 0
github.com/DevonFarm/sales/horse/routes.go:50.17,52.4 1 0
github.com/DevonFarm/sales/horse/routes.go:54.3,59.5 1 0
github.com/DevonFarm/sales/horse/routes.go:63.56,64.34 1 0
github.com/DevonFarm/sales/horse/routes.go:64.34,67.3 1 0
github.com/DevonFarm/sales/horse/routes.go:70.55,71.34 1 0
github.com/DevonFarm/sales/horse/routes.go:71.34,74.3 1 0
github.com/DevonFarm/sales/horse/routes.go:77.58,78.34 1 0
github.com/DevonFarm/sales/horse/routes.go:78.34,80.42 2 0
github.com/DevonFarm/sales/horse/routes.go:80.42,82.4 1 0
github.com/DevonFarm/sales/horse/routes.go:83.3,84.20 2 0
github.com/DevonFarm/sales/horse/routes.go:84.20,86.18 2 0
github.com/DevonFarm/sales/horse/routes.go:86.18,88.5 1 0
github.com/DevonFarm/sales/horse/routes.go:89.4,89.23 1 0
github.com/DevonFarm/sales/horse/routes.go:91.3,93.17 3 0
github.com/DevonFarm/sales/horse/routes.go:93.17,95.4 1 0
github.com/DevonFarm/sales/horse/routes.go:96.3,97.49 2 0
github.com/DevonFarm/sales/horse/routes.go:97.49,99.4 1 0
github.com/DevonFarm/sales/horse/routes.go:100.3,100.47 1 0
github.com/DevonFarm/sales/horse/routes.go:104.58,105.34 1 0
github.com/DevonFarm/sales/horse/routes.go:105.34,108.3 1 0
github.com/DevonFarm/sales/horse/routes.go:111.58,112.34 1 0
github.com/DevonFarm/sales/horse/routes.go:112.34,115.3 1 0
github.com/DevonFarm/sales/utils/date.go:7.48,9.2 1 1
github.com/DevonFarm/sales/utils/error.go:9.88,12.2 2 0
